C:\Program Files (x86)\MSBuild\Microsoft.Cpp\v4.0\V140\Microsoft.CppBuild.targets(392,5): warning MSB8028: The intermediate directory (Debug\) contains files shared from another project (Age of Empires II.vcxproj).  This can lead to incorrect clean and rebuild behavior.
  j1FogOfWar.cpp
c:\users\ferra\desktop\fog_of_war-research\research\motor2d\j1fogofwar.cpp(27): warning C4244: 'initializing': conversion from 'double' to 'int', possible loss of data
c:\users\ferra\desktop\fog_of_war-research\research\motor2d\j1fogofwar.cpp(39): warning C4244: 'initializing': conversion from 'double' to 'uint', possible loss of data
c:\users\ferra\desktop\fog_of_war-research\research\motor2d\j1fogofwar.cpp(40): warning C4244: 'initializing': conversion from 'double' to 'uint', possible loss of data
c:\users\ferra\desktop\fog_of_war-research\research\motor2d\j1fogofwar.cpp(94): warning C4838: conversion from 'uint' to 'int' requires a narrowing conversion
c:\users\ferra\desktop\fog_of_war-research\research\motor2d\j1fogofwar.cpp(96): warning C4244: 'initializing': conversion from 'double' to 'uint', possible loss of data
c:\users\ferra\desktop\fog_of_war-research\research\motor2d\j1fogofwar.cpp(97): warning C4244: 'initializing': conversion from 'double' to 'uint', possible loss of data
c:\users\ferra\desktop\fog_of_war-research\research\motor2d\j1fogofwar.cpp(102): warning C4244: 'argument': conversion from 'unsigned short' to 'Uint8', possible loss of data
c:\users\ferra\desktop\fog_of_war-research\research\motor2d\j1fogofwar.cpp(150): warning C4244: 'argument': conversion from 'float' to 'const int', possible loss of data
c:\users\ferra\desktop\fog_of_war-research\research\motor2d\j1fogofwar.cpp(184): warning C4018: '<': signed/unsigned mismatch
c:\users\ferra\desktop\fog_of_war-research\research\motor2d\j1fogofwar.cpp(186): warning C4018: '<': signed/unsigned mismatch
c:\users\ferra\desktop\fog_of_war-research\research\motor2d\j1fogofwar.cpp(188): warning C4838: conversion from 'uint' to 'int' requires a narrowing conversion
c:\users\ferra\desktop\fog_of_war-research\research\motor2d\quadtree.h(232): warning C4244: 'argument': conversion from 'int' to 'const float', possible loss of data
  c:\users\ferra\desktop\fog_of_war-research\research\motor2d\quadtree.h(212): note: while compiling class template member function 'int AABB<DATA_TYPE>::CollectCandidates(std::vector<DATA_TYPE,std::allocator<_Ty>> &,const Circle &)'
          with
          [
              DATA_TYPE=iPoint,
              _Ty=iPoint
          ]
  c:\users\ferra\desktop\fog_of_war-research\research\motor2d\quadtree.h(698): note: see reference to function template instantiation 'int AABB<DATA_TYPE>::CollectCandidates(std::vector<DATA_TYPE,std::allocator<_Ty>> &,const Circle &)' being compiled
          with
          [
              DATA_TYPE=iPoint,
              _Ty=iPoint
          ]
  c:\users\ferra\desktop\fog_of_war-research\research\motor2d\quadtree.h(697): note: see reference to class template instantiation 'AABB<DATA_TYPE>' being compiled
          with
          [
              DATA_TYPE=iPoint
          ]
  c:\users\ferra\desktop\fog_of_war-research\research\motor2d\quadtree.h(694): note: while compiling class template member function 'int QuadTree<iPoint>::CollectCandidates(std::vector<DATA_TYPE,std::allocator<_Ty>> &,const Circle &) const'
          with
          [
              DATA_TYPE=iPoint,
              _Ty=iPoint
          ]
  c:\users\ferra\desktop\fog_of_war-research\research\motor2d\j1fogofwar.cpp(153): note: see reference to function template instantiation 'int QuadTree<iPoint>::CollectCandidates(std::vector<DATA_TYPE,std::allocator<_Ty>> &,const Circle &) const' being compiled
          with
          [
              DATA_TYPE=iPoint,
              _Ty=iPoint
          ]
  c:\users\ferra\desktop\fog_of_war-research\research\motor2d\j1map.h(179): note: see reference to class template instantiation 'QuadTree<iPoint>' being compiled
  Motor2D.vcxproj -> C:\Users\ferra\Desktop\Fog_of_war-Research\Research\Debug\Fog of War.exe
  Motor2D.vcxproj -> C:\Users\ferra\Desktop\Fog_of_war-Research\Research\Debug\Fog of War.pdb (Full PDB)
