c:\users\ferra\desktop\age_of_empires_ii\aoe_project\debug\age of empires ii.lib
c:\users\ferra\desktop\age_of_empires_ii\aoe_project\debug\age of empires ii.exp
c:\users\ferra\desktop\age_of_empires_ii\aoe_project\motor2d\debug\vc140.pdb
c:\users\ferra\desktop\age_of_empires_ii\aoe_project\motor2d\debug\vc140.idb
c:\users\ferra\desktop\age_of_empires_ii\aoe_project\motor2d\debug\j1perftimer.obj
c:\users\ferra\desktop\age_of_empires_ii\aoe_project\motor2d\debug\j1player.obj
c:\users\ferra\desktop\age_of_empires_ii\aoe_project\motor2d\debug\j1scene.obj
c:\users\ferra\desktop\age_of_empires_ii\aoe_project\motor2d\debug\j1timer.obj
c:\users\ferra\desktop\age_of_empires_ii\aoe_project\motor2d\debug\j1menu.obj
c:\users\ferra\desktop\age_of_empires_ii\aoe_project\motor2d\debug\p2log.obj
c:\users\ferra\desktop\age_of_empires_ii\aoe_project\motor2d\debug\j1render.obj
c:\users\ferra\desktop\age_of_empires_ii\aoe_project\motor2d\debug\j1textures.obj
c:\users\ferra\desktop\age_of_empires_ii\aoe_project\motor2d\debug\j1window.obj
c:\users\ferra\desktop\age_of_empires_ii\aoe_project\motor2d\debug\pugixml.obj
c:\users\ferra\desktop\age_of_empires_ii\aoe_project\motor2d\debug\resources.obj
c:\users\ferra\desktop\age_of_empires_ii\aoe_project\motor2d\debug\ui_button.obj
c:\users\ferra\desktop\age_of_empires_ii\aoe_project\motor2d\debug\ui_element.obj
c:\users\ferra\desktop\age_of_empires_ii\aoe_project\motor2d\debug\ui_fixed_button.obj
c:\users\ferra\desktop\age_of_empires_ii\aoe_project\motor2d\debug\ui_image.obj
c:\users\ferra\desktop\age_of_empires_ii\aoe_project\motor2d\debug\ui_popup_menu.obj
c:\users\ferra\desktop\age_of_empires_ii\aoe_project\motor2d\debug\ui_scroll.obj
c:\users\ferra\desktop\age_of_empires_ii\aoe_project\motor2d\debug\ui_string.obj
c:\users\ferra\desktop\age_of_empires_ii\aoe_project\motor2d\debug\ui_text_box.obj
c:\users\ferra\desktop\age_of_empires_ii\aoe_project\motor2d\debug\units.obj
c:\users\ferra\desktop\age_of_empires_ii\aoe_project\motor2d\debug\baseentities.obj
c:\users\ferra\desktop\age_of_empires_ii\aoe_project\motor2d\debug\iso_primitives.obj
c:\users\ferra\desktop\age_of_empires_ii\aoe_project\motor2d\debug\j1animator.obj
c:\users\ferra\desktop\age_of_empires_ii\aoe_project\motor2d\debug\clusterabstraction.obj
c:\users\ferra\desktop\age_of_empires_ii\aoe_project\motor2d\debug\j1console.obj
c:\users\ferra\desktop\age_of_empires_ii\aoe_project\motor2d\debug\j1entitiesmanager.obj
c:\users\ferra\desktop\age_of_empires_ii\aoe_project\motor2d\debug\j1filesystem.obj
c:\users\ferra\desktop\age_of_empires_ii\aoe_project\motor2d\debug\j1fonts.obj
c:\users\ferra\desktop\age_of_empires_ii\aoe_project\motor2d\debug\j1gui.obj
c:\users\ferra\desktop\age_of_empires_ii\aoe_project\motor2d\debug\j1main.obj
c:\users\ferra\desktop\age_of_empires_ii\aoe_project\motor2d\debug\j1app.obj
c:\users\ferra\desktop\age_of_empires_ii\aoe_project\motor2d\debug\j1audio.obj
c:\users\ferra\desktop\age_of_empires_ii\aoe_project\motor2d\debug\j1input.obj
c:\users\ferra\desktop\age_of_empires_ii\aoe_project\motor2d\debug\j1map.obj
c:\users\ferra\desktop\age_of_empires_ii\aoe_project\motor2d\debug\j1pathfinding.obj
c:\users\ferra\desktop\age_of_empires_ii\aoe_project\debug\age of empires ii.ilk
c:\users\ferra\desktop\age_of_empires_ii\aoe_project\debug\age of empires ii.exe
c:\users\ferra\desktop\age_of_empires_ii\aoe_project\debug\age of empires ii.pdb
c:\users\ferra\desktop\age_of_empires_ii\aoe_project\motor2d\debug\age of e.2af9969b.tlog\age of empires ii.write.1u.tlog
c:\users\ferra\desktop\age_of_empires_ii\aoe_project\motor2d\debug\age of e.2af9969b.tlog\cl.command.1.tlog
c:\users\ferra\desktop\age_of_empires_ii\aoe_project\motor2d\debug\age of e.2af9969b.tlog\cl.read.1.tlog
c:\users\ferra\desktop\age_of_empires_ii\aoe_project\motor2d\debug\age of e.2af9969b.tlog\cl.write.1.tlog
c:\users\ferra\desktop\age_of_empires_ii\aoe_project\motor2d\debug\age of e.2af9969b.tlog\link.command.1.tlog
c:\users\ferra\desktop\age_of_empires_ii\aoe_project\motor2d\debug\age of e.2af9969b.tlog\link.read.1.tlog
c:\users\ferra\desktop\age_of_empires_ii\aoe_project\motor2d\debug\age of e.2af9969b.tlog\link.write.1.tlog
