C:\Program Files (x86)\MSBuild\Microsoft.Cpp\v4.0\V140\Microsoft.CppBuild.targets(392,5): warning MSB8028: The intermediate directory (Debug\) contains files shared from another project (Age of Empires II.vcxproj).  This can lead to incorrect clean and rebuild behavior.
  j1Scene.cpp
c:\users\ferra\desktop\fog_of_war-research\research_todos\motor2d\j1scene.cpp(55): warning C4244: 'argument': conversion from 'int' to 'float', possible loss of data
c:\users\ferra\desktop\fog_of_war-research\research_todos\motor2d\j1scene.cpp(63): warning C4244: 'argument': conversion from 'int' to 'float', possible loss of data
c:\users\ferra\desktop\fog_of_war-research\research_todos\motor2d\j1scene.cpp(71): warning C4244: 'argument': conversion from 'int' to 'float', possible loss of data
  j1Map.cpp
c:\users\ferra\desktop\fog_of_war-research\research_todos\motor2d\j1map.cpp(65): warning C4244: 'initializing': conversion from 'double' to 'uint', possible loss of data
c:\users\ferra\desktop\fog_of_war-research\research_todos\motor2d\j1map.cpp(66): warning C4244: 'initializing': conversion from 'double' to 'uint', possible loss of data
c:\users\ferra\desktop\fog_of_war-research\research_todos\motor2d\j1map.cpp(112): warning C4244: '=': conversion from 'float' to 'int', possible loss of data
c:\users\ferra\desktop\fog_of_war-research\research_todos\motor2d\j1map.cpp(122): warning C4244: '+=': conversion from 'float' to 'int', possible loss of data
c:\users\ferra\desktop\fog_of_war-research\research_todos\motor2d\j1map.cpp(123): warning C4244: '+=': conversion from 'float' to 'int', possible loss of data
c:\users\ferra\desktop\fog_of_war-research\research_todos\motor2d\j1map.cpp(130): warning C4244: 'argument': conversion from 'float' to 'const int', possible loss of data
c:\users\ferra\desktop\fog_of_war-research\research_todos\motor2d\j1map.cpp(138): warning C4244: '=': conversion from 'float' to 'int', possible loss of data
c:\users\ferra\desktop\fog_of_war-research\research_todos\motor2d\j1map.cpp(139): warning C4244: '=': conversion from 'float' to 'int', possible loss of data
c:\users\ferra\desktop\fog_of_war-research\research_todos\motor2d\j1map.cpp(368): warning C4244: '=': conversion from 'double' to 'int', possible loss of data
  j1FogOfWar.cpp
c:\users\ferra\desktop\fog_of_war-research\research_todos\motor2d\j1fogofwar.cpp(61): warning C4244: 'argument': conversion from 'unsigned short' to 'Uint8', possible loss of data
c:\users\ferra\desktop\fog_of_war-research\research_todos\motor2d\j1fogofwar.cpp(73): warning C4244: '=': conversion from 'double' to 'uint', possible loss of data
c:\users\ferra\desktop\fog_of_war-research\research_todos\motor2d\j1fogofwar.cpp(79): warning C4244: '=': conversion from 'double' to 'uint', possible loss of data
c:\users\ferra\desktop\fog_of_war-research\research_todos\motor2d\j1fogofwar.cpp(81): warning C4244: '=': conversion from 'double' to 'uint', possible loss of data
c:\users\ferra\desktop\fog_of_war-research\research_todos\motor2d\j1fogofwar.cpp(83): warning C4244: 'initializing': conversion from 'double' to 'int', possible loss of data
c:\users\ferra\desktop\fog_of_war-research\research_todos\motor2d\j1fogofwar.cpp(102): warning C4244: 'argument': conversion from 'double' to 'const int', possible loss of data
c:\users\ferra\desktop\fog_of_war-research\research_todos\motor2d\quadtree.h(232): warning C4244: 'argument': conversion from 'int' to 'const float', possible loss of data
  c:\users\ferra\desktop\fog_of_war-research\research_todos\motor2d\quadtree.h(212): note: while compiling class template member function 'int AABB<DATA_TYPE>::CollectCandidates(std::vector<DATA_TYPE,std::allocator<_Ty>> &,const Circle &)'
          with
          [
              DATA_TYPE=iPoint,
              _Ty=iPoint
          ]
  c:\users\ferra\desktop\fog_of_war-research\research_todos\motor2d\quadtree.h(701): note: see reference to function template instantiation 'int AABB<DATA_TYPE>::CollectCandidates(std::vector<DATA_TYPE,std::allocator<_Ty>> &,const Circle &)' being compiled
          with
          [
              DATA_TYPE=iPoint,
              _Ty=iPoint
          ]
  c:\users\ferra\desktop\fog_of_war-research\research_todos\motor2d\quadtree.h(700): note: see reference to class template instantiation 'AABB<DATA_TYPE>' being compiled
          with
          [
              DATA_TYPE=iPoint
          ]
  c:\users\ferra\desktop\fog_of_war-research\research_todos\motor2d\quadtree.h(697): note: while compiling class template member function 'int QuadTree<iPoint>::CollectCandidates(std::vector<DATA_TYPE,std::allocator<_Ty>> &,const Circle &) const'
          with
          [
              DATA_TYPE=iPoint,
              _Ty=iPoint
          ]
  c:\users\ferra\desktop\fog_of_war-research\research_todos\motor2d\j1fogofwar.cpp(141): note: see reference to function template instantiation 'int QuadTree<iPoint>::CollectCandidates(std::vector<DATA_TYPE,std::allocator<_Ty>> &,const Circle &) const' being compiled
          with
          [
              DATA_TYPE=iPoint,
              _Ty=iPoint
          ]
  c:\users\ferra\desktop\fog_of_war-research\research_todos\motor2d\j1map.h(139): note: see reference to class template instantiation 'QuadTree<iPoint>' being compiled
  j1App.cpp
c:\users\ferra\desktop\fog_of_war-research\research_todos\motor2d\j1app.cpp(230): warning C4018: '<': signed/unsigned mismatch
c:\users\ferra\desktop\fog_of_war-research\research_todos\motor2d\j1app.cpp(226): warning C4477: 'sprintf_s' : format string '%lu' requires an argument of type 'unsigned long', but variadic argument 6 has type 'uint64'
  c:\users\ferra\desktop\fog_of_war-research\research_todos\motor2d\j1app.cpp(226): note: consider using '%llu' in the format string
  c:\users\ferra\desktop\fog_of_war-research\research_todos\motor2d\j1app.cpp(226): note: consider using '%I64u' in the format string
  Generating Code...
  Skipping... (no relevant changes detected)
  Entity.cpp
  Motor2D.vcxproj -> C:\Users\ferra\Desktop\Fog_of_war-Research\Research_Todos\Debug\Fog of War.exe
  Motor2D.vcxproj -> C:\Users\ferra\Desktop\Fog_of_war-Research\Research_Todos\Debug\Fog of War.pdb (Full PDB)
