  j1App.cpp
c:\users\ferra\desktop\age_of_empires_ii\aoe_project\motor2d\j1Gui.h(6): warning C4099: 'UI_Element': type name first seen using 'class' now seen using 'struct'
  c:\users\ferra\desktop\age_of_empires_ii\aoe_project\motor2d\j1Menu.h(11): note: see declaration of 'UI_Element'
c:\users\ferra\desktop\age_of_empires_ii\aoe_project\motor2d\BaseEntities.h(10): warning C4099: 'Animation': type name first seen using 'class' now seen using 'struct'
  c:\users\ferra\desktop\age_of_empires_ii\aoe_project\motor2d\j1Animator.h(51): note: see declaration of 'Animation'
j1App.cpp(282): warning C4018: '<': signed/unsigned mismatch
j1App.cpp(278): warning C4477: 'sprintf_s' : format string '%lu' requires an argument of type 'unsigned long', but variadic argument 6 has type 'uint64'
  j1App.cpp(278): note: consider using '%llu' in the format string
  j1App.cpp(278): note: consider using '%I64u' in the format string
  j1Astar.cpp
j1Astar.cpp(118): warning C4244: 'initializing': conversion from 'int' to 'float', possible loss of data
j1Astar.cpp(198): warning C4244: 'return': conversion from 'float' to 'int', possible loss of data
c:\users\ferra\desktop\age_of_empires_ii\aoe_project\motor2d\p2Point.h(125): warning C4244: 'argument': conversion from 'int' to 'float', possible loss of data
  c:\users\ferra\desktop\age_of_empires_ii\aoe_project\motor2d\p2Point.h(121): note: while compiling class template member function 'int p2Point<int>::DistanceTo(const p2Point<int> &) const'
  j1Astar.cpp(197): note: see reference to function template instantiation 'int p2Point<int>::DistanceTo(const p2Point<int> &) const' being compiled
  c:\users\ferra\desktop\age_of_empires_ii\aoe_project\motor2d\j1Astar.h(46): note: see reference to class template instantiation 'p2Point<int>' being compiled
c:\users\ferra\desktop\age_of_empires_ii\aoe_project\motor2d\p2Point.h(125): warning C4244: 'return': conversion from 'float' to 'int', possible loss of data
  j1ClusterAbstraction.cpp
j1ClusterAbstraction.cpp(67): warning C4018: '<': signed/unsigned mismatch
j1ClusterAbstraction.cpp(69): warning C4018: '<': signed/unsigned mismatch
j1ClusterAbstraction.cpp(74): warning C4018: '<': signed/unsigned mismatch
j1ClusterAbstraction.cpp(79): warning C4018: '<': signed/unsigned mismatch
j1ClusterAbstraction.cpp(178): warning C4244: 'argument': conversion from 'double' to 'int', possible loss of data
j1ClusterAbstraction.cpp(210): warning C4244: 'argument': conversion from 'double' to 'int', possible loss of data
j1ClusterAbstraction.cpp(248): warning C4018: '<': signed/unsigned mismatch
j1ClusterAbstraction.cpp(288): warning C4018: '<': signed/unsigned mismatch
j1ClusterAbstraction.cpp(386): warning C4018: '<': signed/unsigned mismatch
j1ClusterAbstraction.cpp(460): warning C4018: '<': signed/unsigned mismatch
  j1Menu.cpp
c:\users\ferra\desktop\age_of_empires_ii\aoe_project\motor2d\j1Gui.h(6): warning C4099: 'UI_Element': type name first seen using 'class' now seen using 'struct'
  c:\users\ferra\desktop\age_of_empires_ii\aoe_project\motor2d\j1Menu.h(11): note: see declaration of 'UI_Element'
c:\users\ferra\desktop\age_of_empires_ii\aoe_project\motor2d\j1Animator.h(51): warning C4099: 'Animation': type name first seen using 'struct' now seen using 'class'
  c:\users\ferra\desktop\age_of_empires_ii\aoe_project\motor2d\j1Animator.h(50): note: see declaration of 'Animation'
  j1Scene.cpp
c:\users\ferra\desktop\age_of_empires_ii\aoe_project\motor2d\j1Gui.h(6): warning C4099: 'UI_Element': type name first seen using 'class' now seen using 'struct'
  c:\users\ferra\desktop\age_of_empires_ii\aoe_project\motor2d\j1Scene.h(11): note: see declaration of 'UI_Element'
c:\users\ferra\desktop\age_of_empires_ii\aoe_project\motor2d\j1Animator.h(51): warning C4099: 'Animation': type name first seen using 'struct' now seen using 'class'
  c:\users\ferra\desktop\age_of_empires_ii\aoe_project\motor2d\j1Animator.h(50): note: see declaration of 'Animation'
j1Scene.cpp(151): warning C4244: '+=': conversion from 'double' to 'int', possible loss of data
j1Scene.cpp(156): warning C4244: '-=': conversion from 'double' to 'int', possible loss of data
j1Scene.cpp(160): warning C4244: '+=': conversion from 'double' to 'int', possible loss of data
j1Scene.cpp(163): warning C4244: '-=': conversion from 'double' to 'int', possible loss of data
j1Scene.cpp(173): warning C4244: 'argument': conversion from 'double' to 'float', possible loss of data
j1Scene.cpp(178): warning C4244: 'argument': conversion from 'double' to 'float', possible loss of data
j1Scene.cpp(193): warning C4244: 'argument': conversion from 'double' to 'float', possible loss of data
j1Scene.cpp(198): warning C4244: 'argument': conversion from 'double' to 'float', possible loss of data
     Creating library C:\Users\ferra\Desktop\Age_of_Empires_II\AoE_Project\Release\Age of Empires II.lib and object C:\Users\ferra\Desktop\Age_of_Empires_II\AoE_Project\Release\Age of Empires II.exp
  Generating code
  4 of 2821 functions ( 0.1%) were compiled, the rest were copied from previous compilation.
    0 functions were new in current compilation
    17 functions had inline decision re-evaluated but remain unchanged
  Finished generating code
physfs.lib(physfs.obj) : warning LNK4049: locally defined symbol _sprintf imported
  Motor2D.vcxproj -> C:\Users\ferra\Desktop\Age_of_Empires_II\AoE_Project\Release\Age of Empires II.exe
  Motor2D.vcxproj -> C:\Users\ferra\Desktop\Age_of_Empires_II\AoE_Project\Release\Age of Empires II.pdb (Full PDB)
